<?xml version="1.0" encoding="utf-8"?><testsuites name="pytest tests"><testsuite name="pytest" errors="0" failures="1" skipped="0" tests="13" time="10.984" timestamp="2026-03-26T13:27:33.073288+00:00" hostname="agent-env-ec55ed80-e9d8-438d-863d-8283a1ab9168"><testcase classname="backend.tests.test_pdf_freeze.TestPDFFreeze" name="test_health_check" time="0.251"><failure message="AssertionError: Health check failed: {&quot;detail&quot;:&quot;Not Found&quot;}&#10;assert 404 == 200&#10; +  where 404 = &lt;Response [404]&gt;.status_code">backend/tests/test_pdf_freeze.py:78: in test_health_check
    assert response.status_code == 200, f"Health check failed: {response.text}"
E   AssertionError: Health check failed: {"detail":"Not Found"}
E   assert 404 == 200
E    +  where 404 = &lt;Response [404]&gt;.status_code</failure></testcase><testcase classname="backend.tests.test_pdf_freeze.TestPDFFreeze" name="test_authority_login" time="0.500" /><testcase classname="backend.tests.test_pdf_freeze.TestPDFFreeze" name="test_towing_login" time="0.497" /><testcase classname="backend.tests.test_pdf_freeze.TestPDFFreeze" name="test_job_response_has_pdf_generated_at_field" time="1.719" /><testcase classname="backend.tests.test_pdf_freeze.TestPDFFreeze" name="test_pricing_settings_accepts_update_old_pdfs_false" time="1.161" /><testcase classname="backend.tests.test_pdf_freeze.TestPDFFreeze" name="test_pricing_settings_accepts_update_old_pdfs_true" time="0.733" /><testcase classname="backend.tests.test_pdf_freeze.TestPDFFreeze" name="test_authority_settings_accepts_update_old_pdfs_false" time="0.625" /><testcase classname="backend.tests.test_pdf_freeze.TestPDFFreeze" name="test_authority_settings_accepts_update_old_pdfs_true" time="0.866" /><testcase classname="backend.tests.test_pdf_freeze.TestPDFFreeze" name="test_pdf_generation_sets_timestamp" time="1.876" /><testcase classname="backend.tests.test_pdf_freeze.TestPDFFreeze" name="test_pricing_settings_accepts_ust_id" time="0.657" /><testcase classname="backend.tests.test_pdf_freeze.TestPDFFreeze" name="test_authority_settings_accepts_ust_id" time="0.504" /><testcase classname="backend.tests.test_pdf_freeze.TestPDFFreeze" name="test_pricing_settings_accepts_prices_include_vat" time="0.996" /><testcase classname="backend.tests.test_pdf_freeze.TestPDFFreeze" name="test_authority_settings_accepts_prices_include_vat" time="0.514" /></testsuite></testsuites>